------------------------------------------------------------------------------------------------------------------------

[2022-02-11 15:45:55 #1 store] 
Database 'C:\Users\Hpp\git\Bets21\src\main\resources\bets.temp' is opened by 18868@LAPTOP-CE5B5D04

[2022-02-11 15:45:56 #2 type.registry] 
New type domain.Question

[2022-02-11 15:45:56 #3 type] 
Type domain.Question is not enhanced.

[2022-02-11 15:45:56 #4 type.registry] 
New type domain.Event

[2022-02-11 15:45:56 #5 type] 
Type domain.Event is not enhanced.

[2022-02-11 15:45:56 #6 type.registry] 
New type java.util.Vector<domain.Question>

[2022-02-11 15:45:56 #7 type.registry] 
New type java.util.Vector<java.lang.Object>

------------------------------------------------------------------------------------------------------------------------

[2022-02-11 15:50:41 #1 store] 
Database 'C:\Users\Hpp\git\Bets21\src\main\resources\bets.temp' is opened by 12128@LAPTOP-CE5B5D04

[2022-02-11 15:50:41 #2 type.registry] 
New type domain.Question

[2022-02-11 15:50:41 #3 type] 
Type domain.Question is not enhanced.

[2022-02-11 15:50:41 #4 type.registry] 
New type domain.Event

[2022-02-11 15:50:41 #5 type] 
Type domain.Event is not enhanced.

[2022-02-11 15:50:41 #6 type.registry] 
New type java.util.Vector<domain.Question>

[2022-02-11 15:50:41 #7 type.registry] 
New type java.util.Vector<java.lang.Object>

------------------------------------------------------------------------------------------------------------------------

[2022-02-11 15:52:36 #1 store] 
Database 'C:\Users\Hpp\git\Bets21\src\main\resources\bets.temp' is opened by 5516@LAPTOP-CE5B5D04

[2022-02-11 15:52:36 #2 type.registry] 
New type domain.Question

[2022-02-11 15:52:36 #3 type] 
Type domain.Question is not enhanced.

[2022-02-11 15:52:36 #4 type.registry] 
New type domain.Event

[2022-02-11 15:52:36 #5 type] 
Type domain.Event is not enhanced.

[2022-02-11 15:52:36 #6 type.registry] 
New type java.util.Vector<domain.Question>

[2022-02-11 15:52:36 #7 type.registry] 
New type java.util.Vector<java.lang.Object>

------------------------------------------------------------------------------------------------------------------------

[2022-02-11 15:54:54 #1 server] 
Server on port 6136 has started by 14400@LAPTOP-CE5B5D04

[2022-02-11 15:55:07 #2 store] 
Database 'C:\Users\Hpp\git\Bets21\src\main\resources\db\src\main\resources\bets.temp' is opened by 14400@LAPTOP-CE5B5D04

------------------------------------------------------------------------------------------------------------------------

[2022-02-11 15:55:07 #1 type.registry] 
New type domain.Question

[2022-02-11 15:55:07 #2 type] 
Type domain.Question is not enhanced.

[2022-02-11 15:55:07 #3 type.registry] 
New type domain.Event

[2022-02-11 15:55:07 #4 type] 
Type domain.Event is not enhanced.

[2022-02-11 15:55:07 #5 type.registry] 
New type java.util.Vector<domain.Question>

[2022-02-11 15:55:07 #6 type.registry] 
New type java.util.Vector<java.lang.Object>

[2022-02-11 15:58:01 #3 store] 
Database 'C:\Users\Hpp\git\Bets21\src\main\resources\db\src\main\resources\bets.temp' is closed by 14400@LAPTOP-CE5B5D04

------------------------------------------------------------------------------------------------------------------------

[2022-02-11 15:58:09 #1 store] 
Database 'C:\Users\Hpp\git\Bets21\src\main\resources\bets.temp' is opened by 18972@LAPTOP-CE5B5D04

[2022-02-11 15:58:09 #2 type.registry] 
New type domain.Question

[2022-02-11 15:58:09 #3 type] 
Type domain.Question is not enhanced.

[2022-02-11 15:58:09 #4 type.registry] 
New type domain.Event

[2022-02-11 15:58:09 #5 type] 
Type domain.Event is not enhanced.

[2022-02-11 15:58:09 #6 type.registry] 
New type java.util.Vector<domain.Question>

[2022-02-11 15:58:09 #7 type.registry] 
New type java.util.Vector<java.lang.Object>

------------------------------------------------------------------------------------------------------------------------

[2022-02-11 15:59:50 #1 store] 
Database 'C:\Users\Hpp\git\Bets21\src\main\resources\bets.temp' is opened by 7308@LAPTOP-CE5B5D04

[2022-02-11 15:59:50 #2 type.registry] 
New type domain.Question

[2022-02-11 15:59:50 #3 type] 
Type domain.Question is not enhanced.

[2022-02-11 15:59:50 #4 type.registry] 
New type domain.Event

[2022-02-11 15:59:50 #5 type] 
Type domain.Event is not enhanced.

[2022-02-11 15:59:50 #6 type.registry] 
New type java.util.Vector<domain.Question>

[2022-02-11 15:59:50 #7 type.registry] 
New type java.util.Vector<java.lang.Object>

